# run test with python3 -m doctest -v ./tests/3-say_my_name.txt

First import method to test
>>> say_my_name = __import__('3-say_my_name').say_my_name

Test two strings name:
     >>> say_my_name("Victor", "Kolade Ige")
     My name is Victor Kolade Ige

     >>> say_my_name("Victor")
     My name is Victor 

Test with integer:
     >>> say_my_name(357, "Ige")
     Traceback (most recent call last):
     ...
     TypeError: first_name must be a string

Test with array type:
     >>> say_my_name("Victor", ["Kolade", "Ige"])
     Traceback (most recent call last):
     ...
     TypeError: last_name must be a string

Test extra args:
     >>> say_my_name("Victor", "Kolade", "Ige")
     Traceback (most recent call last):
     ...
     TypeError: say_my_name() takes from 1 to 2 positional arguments but 3 were given

Test with no args:
     >>> say_my_name()
     Traceback (most recent call last):
     ...
     TypeError: say_my_name() missing 1 required positional argument: 'first_name'

Test with None:
     >>> say_my_name(None)
     Traceback (most recent call last):
     ...
     TypeError: first_name must be a string
