# run test with python3 -m doctest -v ./tests/4-print_square.txt

First import method to test
>>> print_square= __import__('4-print_square').print_square


Test positive int size:
     >>> print_square(0)


     >>> print_square(2)
     ##
     ##

     >>> print_square(6)
     ######
     ######
     ######
     ######
     ######
     ######


Test negative integer size:
     >>> print_square(-10)
     Traceback (most recent call last):
     ...
     ValueError: size must be >= 0

Test float value:
     >>> print_square(2.5)
     Traceback (most recent call last):
     ...
     TypeError: size must be an integer

Test string value:
     >>> print_square("5")
     Traceback (most recent call last):
     ...
     TypeError: size must be an integer

Test more args:
     >>> print_square(3, 6)
     Traceback (most recent call last):
     ...
     TypeError: print_square() takes 1 positional argument but 2 were given

Test no args
     >>> print_square()
     Traceback (most recent call last):
     ...
     TypeError: print_square() missing 1 required positional argument: 'size'
